d:\work\popcornproject\popcorn\popcorn\popcorn\debug\vc143.pdb
d:\work\popcornproject\popcorn\popcorn\popcorn\debug\vc143.idb
d:\work\popcornproject\popcorn\popcorn\popcorn\debug\platform_glue.obj
d:\work\popcornproject\popcorn\popcorn\popcorn\debug\platform_expanding.obj
d:\work\popcornproject\popcorn\popcorn\popcorn\debug\platform.obj
d:\work\popcornproject\popcorn\popcorn\popcorn\debug\monster_set.obj
d:\work\popcornproject\popcorn\popcorn\popcorn\debug\monster.obj
d:\work\popcornproject\popcorn\popcorn\popcorn\debug\mian.obj
d:\work\popcornproject\popcorn\popcorn\popcorn\debug\level.obj
d:\work\popcornproject\popcorn\popcorn\popcorn\debug\laser_beam_set.obj
d:\work\popcornproject\popcorn\popcorn\popcorn\debug\laser_beam.obj
d:\work\popcornproject\popcorn\popcorn\popcorn\debug\info_panel.obj
d:\work\popcornproject\popcorn\popcorn\popcorn\debug\gate.obj
d:\work\popcornproject\popcorn\popcorn\popcorn\debug\falling_letter.obj
d:\work\popcornproject\popcorn\popcorn\popcorn\debug\explosive_ball.obj
d:\work\popcornproject\popcorn\popcorn\popcorn\debug\engine.obj
d:\work\popcornproject\popcorn\popcorn\popcorn\debug\config.obj
d:\work\popcornproject\popcorn\popcorn\popcorn\debug\codestyle.obj
d:\work\popcornproject\popcorn\popcorn\popcorn\debug\border.obj
d:\work\popcornproject\popcorn\popcorn\popcorn\debug\ball_set.obj
d:\work\popcornproject\popcorn\popcorn\popcorn\debug\ball.obj
d:\work\popcornproject\popcorn\popcorn\popcorn\debug\active_brick.obj
d:\work\popcornproject\popcorn\popcorn\popcorn\debug\common.obj
d:\work\popcornproject\popcorn\popcorn\popcorn\debug\platform_state.obj
d:\work\popcornproject\popcorn\popcorn\popcorn\debug\platform_laser.obj
d:\work\popcornproject\popcorn\popcorn\popcorn\debug\indicator.obj
d:\work\popcornproject\popcorn\popcorn\popcorn\debug\level_data.obj
d:\work\popcornproject\popcorn\popcorn\popcorn\debug\mop_indicator.obj
d:\work\popcornproject\popcorn\popcorn\popcorn\debug\mop_cylinder.obj
d:\work\popcornproject\popcorn\popcorn\popcorn\debug\mop.obj
d:\work\popcornproject\popcorn\popcorn\popcorn\debug\popcorn.res
d:\work\popcornproject\popcorn\popcorn\debug\popcorn.pdb
d:\work\popcornproject\popcorn\popcorn\popcorn\debug\popcorn.tlog\cl.command.1.tlog
d:\work\popcornproject\popcorn\popcorn\popcorn\debug\popcorn.tlog\cl.read.1.tlog
d:\work\popcornproject\popcorn\popcorn\popcorn\debug\popcorn.tlog\cl.write.1.tlog
d:\work\popcornproject\popcorn\popcorn\popcorn\debug\popcorn.tlog\link.25220-cvtres.read.1.tlog
d:\work\popcornproject\popcorn\popcorn\popcorn\debug\popcorn.tlog\link.25220-cvtres.write.1.tlog
d:\work\popcornproject\popcorn\popcorn\popcorn\debug\popcorn.tlog\link.25220-rc.read.1.tlog
d:\work\popcornproject\popcorn\popcorn\popcorn\debug\popcorn.tlog\link.25220-rc.write.1.tlog
d:\work\popcornproject\popcorn\popcorn\popcorn\debug\popcorn.tlog\link.25220.read.1.tlog
d:\work\popcornproject\popcorn\popcorn\popcorn\debug\popcorn.tlog\link.25220.write.1.tlog
d:\work\popcornproject\popcorn\popcorn\popcorn\debug\popcorn.tlog\link.command.1.tlog
d:\work\popcornproject\popcorn\popcorn\popcorn\debug\popcorn.tlog\link.read.1.tlog
d:\work\popcornproject\popcorn\popcorn\popcorn\debug\popcorn.tlog\link.write.1.tlog
d:\work\popcornproject\popcorn\popcorn\popcorn\debug\popcorn.tlog\rc.command.1.tlog
d:\work\popcornproject\popcorn\popcorn\popcorn\debug\popcorn.tlog\rc.read.1.tlog
d:\work\popcornproject\popcorn\popcorn\popcorn\debug\popcorn.tlog\rc.write.1.tlog
